<?xml version="1.0" encoding="UTF-8"?>
<!-- Generated by org.testng.reporters.JUnitReportReporter -->
<testsuite hostname="rb-pc" name="Tests.FirstTest" tests="6" failures="0" timestamp="11 Feb 2015 15:15:28 GMT" time="24.156" errors="0">
  <testcase name="first" time="2.880" classname="Tests.FirstTest"/>
  <testcase name="third" time="2.739" classname="Tests.FirstTest"/>
  <testcase name="second" time="6.470" classname="Tests.FirstTest"/>
  <testcase name="first" time="2.988" classname="Tests.FirstTest"/>
  <testcase name="third" time="2.960" classname="Tests.FirstTest"/>
  <testcase name="second" time="6.119" classname="Tests.FirstTest"/>
</testsuite> <!-- Tests.FirstTest -->
