<?xml version="1.0" encoding="UTF-8"?>
<!-- Generated by org.testng.reporters.JUnitReportReporter -->
<testsuite hostname="rb-pc" name="Runner.FirstTest" tests="6" failures="0" timestamp="11 Feb 2015 15:41:19 GMT"
           time="22.946" errors="0">
    <testcase name="first" time="3.027" classname="Runner.FirstTest"/>
    <testcase name="third" time="2.602" classname="Runner.FirstTest"/>
    <testcase name="second" time="5.912" classname="Runner.FirstTest"/>
    <testcase name="first" time="2.954" classname="Runner.FirstTest"/>
    <testcase name="third" time="2.876" classname="Runner.FirstTest"/>
    <testcase name="second" time="5.575" classname="Runner.FirstTest"/>
</testsuite> <!-- Runner.FirstTest -->
