<?xml version="1.0" encoding="UTF-8"?>
<!-- Generated by org.testng.reporters.JUnitReportReporter -->
<testsuite hostname="rb-pc" name="Tests.FirstTest" tests="3" failures="0" timestamp="3 Feb 2015 15:25:38 GMT" time="20.821" errors="0">
  <testcase name="first" time="5.394" classname="Tests.FirstTest"/>
  <testcase name="third" time="5.758" classname="Tests.FirstTest"/>
  <testcase name="second" time="9.669" classname="Tests.FirstTest"/>
</testsuite> <!-- Tests.FirstTest -->
